  Main.cpp
C:\Users\shawn\Desktop\Summer Classes 2020\303 Data Structure\Project 1\303_Project1B\Project1B\Main.cpp(4,10): warning C4067: unexpected tokens following preprocessor directive - expected a newline
C:\Users\shawn\Desktop\Summer Classes 2020\303 Data Structure\Project 1\303_Project1B\Project1B\Main.cpp(5,10): warning C4067: unexpected tokens following preprocessor directive - expected a newline
C:\Users\shawn\Desktop\Summer Classes 2020\303 Data Structure\Project 1\303_Project1B\Project1B\priorityQueue.h(4,10): warning C4067: unexpected tokens following preprocessor directive - expected a newline
C:\Users\shawn\Desktop\Summer Classes 2020\303 Data Structure\Project 1\303_Project1B\Project1B\priorityQueue.h(26,19): error C2065: 'i': undeclared identifier
C:\Users\shawn\Desktop\Summer Classes 2020\303 Data Structure\Project 1\303_Project1B\Project1B\priorityQueue.h(78): message : see reference to class template instantiation 'CQ::queue<Item_Type>' being compiled
C:\Users\shawn\Desktop\Summer Classes 2020\303 Data Structure\Project 1\303_Project1B\Project1B\priorityQueue.h(26,19): error C3861: 'i': identifier not found
C:\Users\shawn\Desktop\Summer Classes 2020\303 Data Structure\Project 1\303_Project1B\Project1B\priorityQueue.h(26,7): error C3861: 'new_index': identifier not found
C:\Users\shawn\Desktop\Summer Classes 2020\303 Data Structure\Project 1\303_Project1B\Project1B\priorityQueue.h(28,9): error C3861: 'i': identifier not found
C:\Users\shawn\Desktop\Summer Classes 2020\303 Data Structure\Project 1\303_Project1B\Project1B\priorityQueue.h(28,16): error C3861: 'i': identifier not found
C:\Users\shawn\Desktop\Summer Classes 2020\303 Data Structure\Project 1\303_Project1B\Project1B\priorityQueue.h(28,1): error C2065: 'i': undeclared identifier
C:\Users\shawn\Desktop\Summer Classes 2020\303 Data Structure\Project 1\303_Project1B\Project1B\priorityQueue.h(28,1): error C3861: 'i': identifier not found
C:\Users\shawn\Desktop\Summer Classes 2020\303 Data Structure\Project 1\303_Project1B\Project1B\priorityQueue.h(35,14): error C2065: 'back_index': undeclared identifier
C:\Users\shawn\Desktop\Summer Classes 2020\303 Data Structure\Project 1\303_Project1B\Project1B\priorityQueue.h(35,14): error C3861: 'back_index': identifier not found
C:\Users\shawn\Desktop\Summer Classes 2020\303 Data Structure\Project 1\303_Project1B\Project1B\priorityQueue.h(36,5): error C3861: 'new_index': identifier not found
C:\Users\shawn\Desktop\Summer Classes 2020\303 Data Structure\Project 1\303_Project1B\Project1B\priorityQueue.h(37,14): error C3861: 'new_index': identifier not found
C:\Users\shawn\Desktop\Summer Classes 2020\303 Data Structure\Project 1\303_Project1B\Project1B\priorityQueue.h(41,28): error C3861: 'i': identifier not found
C:\Users\shawn\Desktop\Summer Classes 2020\303 Data Structure\Project 1\303_Project1B\Project1B\priorityQueue.h(42,4): error C3861: 'back_index': identifier not found
C:\Users\shawn\Desktop\Summer Classes 2020\303 Data Structure\Project 1\303_Project1B\Project1B\priorityQueue.h(42,18): error C2065: 'back_index': undeclared identifier
C:\Users\shawn\Desktop\Summer Classes 2020\303 Data Structure\Project 1\303_Project1B\Project1B\priorityQueue.h(42,18): error C3861: 'back_index': identifier not found
  Node.cpp
  Generating Code...
